java.lang.NumberFormatException: For input string: "E"
java.lang.NumberFormatException: For input string: "I"
java.lang.NumberFormatException: For input string: "E"
java.lang.NumberFormatException: For input string: "F"
java.lang.NumberFormatException: For input string: "D"
java.lang.NumberFormatException: For input string: "D"
java.lang.NumberFormatException: For input string: "F"
java.lang.NumberFormatException: For input string: "E"
java.lang.NumberFormatException: For input string: "SP"
java.lang.NumberFormatException: For input string: "SP"
java.lang.NumberFormatException: For input string: "I"
java.lang.NumberFormatException: For input string: "D"
java.lang.NumberFormatException: For input string: "F"
java.lang.NumberFormatException: For input string: "SP"
java.lang.NumberFormatException: For input string: "E"
java.lang.NumberFormatException: For input string: "I"
java.lang.NumberFormatException: For input string: "SP"
java.lang.NumberFormatException: For input string: "F"
java.lang.NumberFormatException: For input string: "D"
java.lang.NumberFormatException: For input string: "I"
java.lang.NumberFormatException: For input string: "SP"
java.lang.NumberFormatException: For input string: "D"
java.lang.NumberFormatException: For input string: "E"
java.lang.NumberFormatException: For input string: "F"
java.lang.NumberFormatException: For input string: "E"
java.lang.NumberFormatException: For input string: "I"
java.lang.NumberFormatException: For input string: "I"
java.lang.NumberFormatException: For input string: "SP"
java.lang.NumberFormatException: For input string: "D"
java.lang.NumberFormatException: For input string: "F"
